<?xml version="1.0" encoding="UTF-8"?>
<!-- Generated by org.testng.reporters.JUnitXMLReporter -->
<testsuite hostname="DESKTOP-7EG2BCN" ignored="0" name="Test" tests="4" failures="0" timestamp="24 Dec 2019 01:41:49 GMT" time="24.292" errors="0">
  <testcase name="loginPageTitleTest" time="0.007" classname="com.mercury.testcases.HomePageTest"/>
  <testcase name="signOnPageTitleTest" time="0.005" classname="com.mercury.testcases.SignOnPageTest"/>
  <testcase name="loginTest" time="1.928" classname="com.mercury.testcases.HomePageTest"/>
  <testcase name="verifyWelcomeTest" time="0.333" classname="com.mercury.testcases.SignOnPageTest"/>
</testsuite> <!-- Test -->
