<?xml version="1.0" encoding="UTF-8"?>
<testng-results skipped="0" failed="0" ignored="0" total="4" passed="4">
  <reporter-output>
  </reporter-output>
  <suite name="Suite" duration-ms="24292" started-at="2019-12-24T01:41:25Z" finished-at="2019-12-24T01:41:49Z">
    <groups>
    </groups>
    <test name="Test" duration-ms="24292" started-at="2019-12-24T01:41:25Z" finished-at="2019-12-24T01:41:49Z">
      <class name="com.mercury.testcases.HomePageTest">
        <test-method status="PASS" signature="setUp()[pri:0, instance:com.mercury.testcases.HomePageTest@f0f2775]" name="setUp" is-config="true" duration-ms="4422" started-at="2019-12-24T01:41:25Z" finished-at="2019-12-24T01:41:29Z">
          <reporter-output>
          </reporter-output>
        </test-method> <!-- setUp -->
        <test-method status="PASS" signature="loginPageTitleTest()[pri:1, instance:com.mercury.testcases.HomePageTest@f0f2775]" name="loginPageTitleTest" duration-ms="7" started-at="2019-12-24T01:41:29Z" finished-at="2019-12-24T01:41:29Z">
          <reporter-output>
          </reporter-output>
        </test-method> <!-- loginPageTitleTest -->
        <test-method status="PASS" signature="tearDown()[pri:0, instance:com.mercury.testcases.HomePageTest@f0f2775]" name="tearDown" is-config="true" duration-ms="590" started-at="2019-12-24T01:41:29Z" finished-at="2019-12-24T01:41:30Z">
          <reporter-output>
          </reporter-output>
        </test-method> <!-- tearDown -->
        <test-method status="PASS" signature="setUp()[pri:0, instance:com.mercury.testcases.HomePageTest@f0f2775]" name="setUp" is-config="true" duration-ms="3973" started-at="2019-12-24T01:41:36Z" finished-at="2019-12-24T01:41:40Z">
          <reporter-output>
          </reporter-output>
        </test-method> <!-- setUp -->
        <test-method status="PASS" signature="loginTest()[pri:2, instance:com.mercury.testcases.HomePageTest@f0f2775]" name="loginTest" duration-ms="1928" started-at="2019-12-24T01:41:40Z" finished-at="2019-12-24T01:41:41Z">
          <reporter-output>
          </reporter-output>
        </test-method> <!-- loginTest -->
        <test-method status="PASS" signature="tearDown()[pri:0, instance:com.mercury.testcases.HomePageTest@f0f2775]" name="tearDown" is-config="true" duration-ms="1084" started-at="2019-12-24T01:41:41Z" finished-at="2019-12-24T01:41:43Z">
          <reporter-output>
          </reporter-output>
        </test-method> <!-- tearDown -->
      </class> <!-- com.mercury.testcases.HomePageTest -->
      <class name="com.mercury.testcases.SignOnPageTest">
        <test-method status="PASS" signature="setUp()[pri:0, instance:com.mercury.testcases.SignOnPageTest@5a4aa2f2]" name="setUp" is-config="true" duration-ms="5921" started-at="2019-12-24T01:41:30Z" finished-at="2019-12-24T01:41:36Z">
          <reporter-output>
          </reporter-output>
        </test-method> <!-- setUp -->
        <test-method status="PASS" signature="signOnPageTitleTest()[pri:1, instance:com.mercury.testcases.SignOnPageTest@5a4aa2f2]" name="signOnPageTitleTest" duration-ms="5" started-at="2019-12-24T01:41:36Z" finished-at="2019-12-24T01:41:36Z">
          <reporter-output>
          </reporter-output>
        </test-method> <!-- signOnPageTitleTest -->
        <test-method status="PASS" signature="tearDown()[pri:0, instance:com.mercury.testcases.SignOnPageTest@5a4aa2f2]" name="tearDown" is-config="true" duration-ms="41" started-at="2019-12-24T01:41:36Z" finished-at="2019-12-24T01:41:36Z">
          <reporter-output>
          </reporter-output>
        </test-method> <!-- tearDown -->
        <test-method status="PASS" signature="setUp()[pri:0, instance:com.mercury.testcases.SignOnPageTest@5a4aa2f2]" name="setUp" is-config="true" duration-ms="5918" started-at="2019-12-24T01:41:43Z" finished-at="2019-12-24T01:41:48Z">
          <reporter-output>
          </reporter-output>
        </test-method> <!-- setUp -->
        <test-method status="PASS" signature="verifyWelcomeTest()[pri:2, instance:com.mercury.testcases.SignOnPageTest@5a4aa2f2]" name="verifyWelcomeTest" duration-ms="333" started-at="2019-12-24T01:41:48Z" finished-at="2019-12-24T01:41:49Z">
          <reporter-output>
          </reporter-output>
        </test-method> <!-- verifyWelcomeTest -->
        <test-method status="PASS" signature="tearDown()[pri:0, instance:com.mercury.testcases.SignOnPageTest@5a4aa2f2]" name="tearDown" is-config="true" duration-ms="44" started-at="2019-12-24T01:41:49Z" finished-at="2019-12-24T01:41:49Z">
          <reporter-output>
          </reporter-output>
        </test-method> <!-- tearDown -->
      </class> <!-- com.mercury.testcases.SignOnPageTest -->
    </test> <!-- Test -->
  </suite> <!-- Suite -->
</testng-results>
